<?xml version="1.0" encoding="UTF-8"?>
<testsuite xmlns:xsi="http://www.w3.org/2001/XMLSchema-instance" xsi:noNamespaceSchemaLocation="https://maven.apache.org/surefire/maven-surefire-plugin/xsd/surefire-test-report.xsd" version="3.0.2" name="com.spring.app.ApplicationTests" time="8.594" tests="1" errors="0" skipped="0" failures="0">
  <properties>
[...]
</properties>
  <testcase name="contextLoads" classname="com.spring.app.ApplicationTests" time="0.508">
    <system-out><![CDATA[07:26:18.689 [main] INFO org.springframework.test.context.support.AnnotationConfigContextLoaderUtils -- Could not detect default configuration classes for test class [com.spring.app.ApplicationTests]: ApplicationTests does not declare any static, non-private, non-final, nested classes annotated with @Configuration.
07:26:18.897 [main] INFO org.springframework.boot.test.context.SpringBootTestContextBootstrapper -- Found @SpringBootConfiguration com.spring.app.Application for test class com.spring.app.ApplicationTests
07:26:19.263 [main] INFO org.springframework.boot.devtools.restart.RestartApplicationListener -- Restart disabled due to context in which it is running

  .   ____          _            __ _ _
 /\\ / ___'_ __ _ _(_)_ __  __ _ \ \ \ \
( ( )\___ | '_ | '_| | '_ \/ _` | \ \ \ \
 \\/  ___)| |_)| | | | | || (_| |  ) ) ) )
  '  |____| .__|_| |_|_| |_\__, | / / / /
 =========|_|==============|___/=/_/_/_/

 :: Spring Boot ::                (v3.5.7)

2025-11-18T07:26:19.711-05:00  INFO 19944 --- [           main] com.spring.app.ApplicationTests          : Starting ApplicationTests using Java 21.0.8 with PID 19944 (started by jaide in C:\springproyectos\spring)
2025-11-18T07:26:19.714-05:00  INFO 19944 --- [           main] com.spring.app.ApplicationTests          : No active profile set, falling back to 1 default profile: "default"
2025-11-18T07:26:20.980-05:00  INFO 19944 --- [           main] .s.d.r.c.RepositoryConfigurationDelegate : Bootstrapping Spring Data JPA repositories in DEFAULT mode.
2025-11-18T07:26:21.096-05:00  INFO 19944 --- [           main] .s.d.r.c.RepositoryConfigurationDelegate : Finished Spring Data repository scanning in 92 ms. Found 5 JPA repository interfaces.
2025-11-18T07:26:21.836-05:00  INFO 19944 --- [           main] o.hibernate.jpa.internal.util.LogHelper  : HHH000204: Processing PersistenceUnitInfo [name: default]
2025-11-18T07:26:21.986-05:00  INFO 19944 --- [           main] org.hibernate.Version                    : HHH000412: Hibernate ORM core version 6.6.33.Final
2025-11-18T07:26:22.052-05:00  INFO 19944 --- [           main] o.h.c.internal.RegionFactoryInitiator    : HHH000026: Second-level cache disabled
2025-11-18T07:26:22.667-05:00  INFO 19944 --- [           main] o.s.o.j.p.SpringPersistenceUnitInfo      : No LoadTimeWeaver setup: ignoring JPA class transformer
2025-11-18T07:26:22.732-05:00  INFO 19944 --- [           main] com.zaxxer.hikari.HikariDataSource       : HikariPool-1 - Starting...
2025-11-18T07:26:23.090-05:00  INFO 19944 --- [           main] com.zaxxer.hikari.pool.HikariPool        : HikariPool-1 - Added connection conn0: url=jdbc:h2:mem:testdb user=SA
2025-11-18T07:26:23.092-05:00  INFO 19944 --- [           main] com.zaxxer.hikari.HikariDataSource       : HikariPool-1 - Start completed.
2025-11-18T07:26:23.246-05:00  INFO 19944 --- [           main] org.hibernate.orm.connections.pooling    : HHH10001005: Database info:
	Database JDBC URL [Connecting through datasource 'HikariDataSource (HikariPool-1)']
	Database driver: undefined/unknown
	Database version: 2.3.232
	Autocommit mode: undefined/unknown
	Isolation level: undefined/unknown
	Minimum pool size: undefined/unknown
	Maximum pool size: undefined/unknown
2025-11-18T07:26:24.580-05:00  INFO 19944 --- [           main] o.h.e.t.j.p.i.JtaPlatformInitiator       : HHH000489: No JTA platform available (set 'hibernate.transaction.jta.platform' to enable JTA platform integration)
Hibernate: drop table if exists asociaciones cascade 
Hibernate: drop table if exists club_competicion cascade 
Hibernate: drop table if exists clubes cascade 
Hibernate: drop table if exists competiciones cascade 
Hibernate: drop table if exists entrenadores cascade 
Hibernate: drop table if exists jugadores cascade 
Hibernate: create table asociaciones (id bigint generated by default as identity, nombre varchar(255), pais varchar(255), presidente varchar(255), siglas varchar(255), primary key (id))
Hibernate: create table club_competicion (club_id bigint not null, competicion_id bigint not null)
Hibernate: create table clubes (asociacion_id bigint, entrenador_id bigint unique, id bigint generated by default as identity, nombre varchar(255), primary key (id))
Hibernate: create table competiciones (fecha_fin date, fecha_inicio date, monto_premio integer not null, id bigint generated by default as identity, nombre varchar(255), primary key (id))
Hibernate: create table entrenadores (edad integer not null, id bigint generated by default as identity, apellido varchar(255), nacionalidad varchar(255), nombre varchar(255), primary key (id))
Hibernate: create table jugadores (numero integer not null, club_id bigint, id bigint generated by default as identity, apellido varchar(255), nombre varchar(255), posicion varchar(255), primary key (id))
Hibernate: alter table if exists club_competicion add constraint FKrq56s8st9bfvgmhr932n9jm29 foreign key (competicion_id) references competiciones
Hibernate: alter table if exists club_competicion add constraint FK49lj5v8ms7w27xbalu5vikamh foreign key (club_id) references clubes
Hibernate: alter table if exists clubes add constraint FKqo3djd5oghqqdc4lgbsbo2s5s foreign key (asociacion_id) references asociaciones
Hibernate: alter table if exists clubes add constraint FKsq1qkhct2xelr1wjuyrv8kn0t foreign key (entrenador_id) references entrenadores
Hibernate: alter table if exists jugadores add constraint FKnid2qofqk5xq26m8subsj87c9 foreign key (club_id) references clubes
2025-11-18T07:26:24.680-05:00  INFO 19944 --- [           main] j.LocalContainerEntityManagerFactoryBean : Initialized JPA EntityManagerFactory for persistence unit 'default'
2025-11-18T07:26:25.523-05:00  WARN 19944 --- [           main] JpaBaseConfiguration$JpaWebConfiguration : spring.jpa.open-in-view is enabled by default. Therefore, database queries may be performed during view rendering. Explicitly configure spring.jpa.open-in-view to disable this warning
2025-11-18T07:26:26.116-05:00  INFO 19944 --- [           main] o.s.b.a.h2.H2ConsoleAutoConfiguration    : H2 console available at '/h2-console'. Database available at 'jdbc:h2:mem:testdb'
2025-11-18T07:26:26.233-05:00  INFO 19944 --- [           main] com.spring.app.ApplicationTests          : Started ApplicationTests in 6.995 seconds (process running for 8.917)
Hibernate: insert into asociaciones (nombre,pais,presidente,siglas,id) values (?,?,?,?,default)
Hibernate: insert into asociaciones (nombre,pais,presidente,siglas,id) values (?,?,?,?,default)
Hibernate: insert into entrenadores (apellido,edad,nacionalidad,nombre,id) values (?,?,?,?,default)
Hibernate: insert into entrenadores (apellido,edad,nacionalidad,nombre,id) values (?,?,?,?,default)
Hibernate: insert into competiciones (fecha_fin,fecha_inicio,monto_premio,nombre,id) values (?,?,?,?,default)
Hibernate: insert into competiciones (fecha_fin,fecha_inicio,monto_premio,nombre,id) values (?,?,?,?,default)
Hibernate: insert into jugadores (apellido,nombre,numero,posicion,id) values (?,?,?,?,default)
Hibernate: insert into jugadores (apellido,nombre,numero,posicion,id) values (?,?,?,?,default)
Hibernate: insert into jugadores (apellido,nombre,numero,posicion,id) values (?,?,?,?,default)
Hibernate: insert into clubes (asociacion_id,entrenador_id,nombre,id) values (?,?,?,default)
Hibernate: insert into clubes (asociacion_id,entrenador_id,nombre,id) values (?,?,?,default)
Hibernate: insert into club_competicion (club_id,competicion_id) values (?,?)
Hibernate: insert into club_competicion (club_id,competicion_id) values (?,?)
Hibernate: update jugadores set club_id=? where id=?
Hibernate: update jugadores set club_id=? where id=?
Hibernate: insert into club_competicion (club_id,competicion_id) values (?,?)
Hibernate: update jugadores set club_id=? where id=?
✅ Datos de prueba creados automáticamente!
]]></system-out>
    <system-err><![CDATA[Mockito is currently self-attaching to enable the inline-mock-maker. This will no longer work in future releases of the JDK. Please add Mockito as an agent to your build as described in Mockito's documentation: https://javadoc.io/doc/org.mockito/mockito-core/latest/org.mockito/org/mockito/Mockito.html#0.3
WARNING: A Java agent has been loaded dynamically (C:\Users\jaide\.m2\repository\net\bytebuddy\byte-buddy-agent\1.17.8\byte-buddy-agent-1.17.8.jar)
WARNING: If a serviceability tool is in use, please run with -XX:+EnableDynamicAgentLoading to hide this warning
WARNING: If a serviceability tool is not in use, please run with -Djdk.instrument.traceUsage for more information
WARNING: Dynamic loading of agents will be disallowed by default in a future release
]]></system-err>
  </testcase>
</testsuite>